<?xml version="1.0" encoding="UTF-8"?>
<!-- Generated by org.testng.reporters.JUnitReportReporter -->
<testsuite skipped="0" hostname="LAPTOP-KBQLCN5B" name="com.nopcommerce.testCases.TC_LoginTest_001" tests="1" failures="0" timestamp="27 Apr 2020 18:51:07 GMT" time="8.463" errors="0">
  <testcase name="logintest" time="8.463" classname="com.nopcommerce.testCases.TC_LoginTest_001"/>
</testsuite> <!-- com.nopcommerce.testCases.TC_LoginTest_001 -->
