<?xml version="1.0" encoding="UTF-8"?>
<!-- Generated by org.testng.reporters.JUnitReportReporter -->
<testsuite skipped="0" hostname="LAPTOP-KBQLCN5B" name="com.nopcommerce.testCases.TC_EditCustomer_006" tests="1" failures="0" timestamp="21 Apr 2020 23:50:30 GMT" time="15.343" errors="0">
  <testcase name="editCustomer" time="15.343" classname="com.nopcommerce.testCases.TC_EditCustomer_006"/>
</testsuite> <!-- com.nopcommerce.testCases.TC_EditCustomer_006 -->
